[2022-02-19 21:47:47,269: INFO: 01_base_model]: 
********************
[2022-02-19 21:47:47,269: INFO: 01_base_model]: >>>>> stage base_model started <<<<<
[2022-02-19 21:47:47,270: INFO: common]: yaml file: configs/config.yaml loaded successfully
[2022-02-19 21:47:47,935: INFO: 01_base_model]: base model summary: 
{_log_model_summary(model)}
[2022-02-19 21:48:32,824: INFO: common]: created directory at: artifacts\models
[2022-02-19 21:48:32,877: INFO: 01_base_model]: base model is saved at artifacts\models\base_model.h5
[2022-02-19 21:48:33,919: INFO: 01_base_model]: evaluation metrics [0.3115997910499573, 0.9114999771118164]
[2022-02-19 21:48:33,969: INFO: 01_base_model]: >>>>> stage base_model completed!<<<<<

[2022-02-19 21:49:05,944: INFO: 01_base_model]: 
********************
[2022-02-19 21:49:05,945: INFO: 01_base_model]: >>>>> stage base_model started <<<<<
[2022-02-19 21:49:05,948: INFO: common]: yaml file: configs/config.yaml loaded successfully
[2022-02-19 21:49:07,014: ERROR: 01_base_model]: '_io.StringIO' object has no attribute 'get_value'
Traceback (most recent call last):
  File "C:\Users\Parul Sharma\Downloads\ineuron\TransferLearning\src\01_base_model.py", line 104, in <module>
    main(config_path = parsed_args.config)
  File "C:\Users\Parul Sharma\Downloads\ineuron\TransferLearning\src\01_base_model.py", line 76, in main
    logging.info(f"base model summary: \n{_log_model_summary(model)}")
  File "C:\Users\Parul Sharma\Downloads\ineuron\TransferLearning\src\01_base_model.py", line 71, in _log_model_summary
    summary_str = stream.get_value()
AttributeError: '_io.StringIO' object has no attribute 'get_value'
[2022-02-19 21:49:43,589: INFO: 01_base_model]: 
********************
[2022-02-19 21:49:43,589: INFO: 01_base_model]: >>>>> stage base_model started <<<<<
[2022-02-19 21:49:43,592: INFO: common]: yaml file: configs/config.yaml loaded successfully
[2022-02-19 21:49:44,575: INFO: 01_base_model]: base model summary: 
Model: "sequential"
_________________________________________________________________
 Layer (type)                Output Shape              Param #   
=================================================================
 InputLayer (Flatten)        (None, 784)               0         
                                                                 
 HiddenLayer1 (Dense)        (None, 300)               235500    
                                                                 
 leaky_re_lu (LeakyReLU)     (None, 300)               0         
                                                                 
 HiddenLayer2 (Dense)        (None, 100)               30100     
                                                                 
 leaky_re_lu_1 (LeakyReLU)   (None, 100)               0         
                                                                 
 OutputLayer (Dense)         (None, 10)                1010      
                                                                 
=================================================================
Total params: 266,610
Trainable params: 266,610
Non-trainable params: 0
_________________________________________________________________

[2022-02-19 21:50:27,626: INFO: common]: created directory at: artifacts\models
[2022-02-19 21:50:27,694: INFO: 01_base_model]: base model is saved at artifacts\models\base_model.h5
[2022-02-19 21:50:28,617: INFO: 01_base_model]: evaluation metrics [0.3115997910499573, 0.9114999771118164]
[2022-02-19 21:50:28,664: INFO: 01_base_model]: >>>>> stage base_model completed!<<<<<

